<?xml version="1.0" encoding="UTF-8"?>
<!-- Generated by org.testng.reporters.JUnitReportReporter -->
<testsuite hostname="DESKTOP-ULPCAVV" name="com.mouniqa.testng.test.TestNgMavenExampleTest" tests="2" failures="0" timestamp="6 Mar 2017 15:42:34 GMT" time="18.510" errors="0">
  <testcase name="exampleOfTestNgMaven" time="0.000" classname="com.mouniqa.testng.test.TestNgMavenExampleTest"/>
  <testcase name="callLogin" time="18.510" classname="com.mouniqa.testng.test.TestNgMavenExampleTest"/>
</testsuite> <!-- com.mouniqa.testng.test.TestNgMavenExampleTest -->
