<?xml version="1.0" encoding="UTF-8"?>
<!-- Generated by org.testng.reporters.JUnitReportReporter -->
<testsuite hostname="DESKTOP-ULPCAVV" name="com.mouniqa.testng.test.TestNgMavenExampleTest" tests="1" failures="0" timestamp="6 Mar 2017 12:16:54 GMT" time="0.008" errors="0">
  <testcase name="exampleOfTestNgMaven" time="0.008" classname="com.mouniqa.testng.test.TestNgMavenExampleTest"/>
</testsuite> <!-- com.mouniqa.testng.test.TestNgMavenExampleTest -->
